<?xml version="1.0" encoding="UTF-8"?>
<!-- Generated by org.testng.reporters.JUnitReportReporter -->
<testsuite skipped="0" hostname="si-chirag" name="com.chirag.seleniumframework.HomePageTest" tests="1" failures="0" timestamp="17 Apr 2019 05:36:43 GMT" time="5.900" errors="0">
  <testcase name="openHomePage" time="5.900" classname="com.chirag.seleniumframework.HomePageTest"/>
</testsuite> <!-- com.chirag.seleniumframework.HomePageTest -->
