<?xml version="1.0" encoding="UTF-8"?>
<!-- Generated by org.testng.reporters.JUnitReportReporter -->
<testsuite skipped="0" hostname="si-chirag" name="com.chirag.seleniumframework.HomePageTest" tests="1" failures="0" timestamp="17 Apr 2019 05:25:45 GMT" time="5.916" errors="0">
  <testcase name="openHomePage" time="5.916" classname="com.chirag.seleniumframework.HomePageTest"/>
</testsuite> <!-- com.chirag.seleniumframework.HomePageTest -->
